<?xml version="1.0" encoding="UTF-8"?>
<!-- Generated by org.testng.reporters.JUnitXMLReporter -->
<testsuite ignored="0" hostname="Madhu" failures="0" tests="9" name="Default test" time="2.632" errors="0" timestamp="2022-02-06T18:02:31 IST">
  <testcase classname="corejavapractice.Stringvalueof" name="customerdata" time="0.017"/>
  <testcase classname="corejavapractice.Stringvalueof" name="customerdata" time="0.005"/>
  <testcase classname="corejavapractice.Stringvalueof" name="customerdata" time="0.004"/>
  <testcase classname="corejavapractice.Stringvalueof" name="customerdata" time="0.004"/>
  <testcase classname="corejavapractice.Stringvalueof" name="openaccount" time="0.003"/>
  <testcase classname="corejavapractice.Stringvalueof" name="openaccount" time="0.002"/>
  <testcase classname="corejavapractice.Stringvalueof" name="openaccount" time="0.002"/>
  <testcase classname="corejavapractice.Stringvalueof" name="openaccount" time="0.003"/>
  <testcase classname="corejavapractice.Stringvalueof" name="openaccount" time="0.002"/>
</testsuite> <!-- Default test -->
