<?xml version="1.0" encoding="UTF-8"?>
<!-- Generated by org.testng.reporters.JUnitXMLReporter -->
<testsuite ignored="0" hostname="Madhu" failures="0" tests="4" name="Test" time="97.261" errors="0" timestamp="2022-02-07T15:57:44 IST">
  <testcase classname="positivetest.Orderproduct" name="orderSetup" time="25.374"/>
  <testcase classname="positivetest.Orderproduct" name="checkout" time="64.722"/>
  <testcase classname="positivetest.Orderproduct" name="addadress" time="3.58"/>
  <testcase classname="positivetest.Orderproduct" name="orderverification" time="2.455"/>
</testsuite> <!-- Test -->
