<?xml version="1.0" encoding="UTF-8"?>
<testng-results ignored="0" total="1" passed="1" failed="0" skipped="0">
  <reporter-output>
  </reporter-output>
  <suite started-at="2022-03-12T21:36:33 IST" name="Default suite" finished-at="2022-03-12T21:36:45 IST" duration-ms="11201">
    <groups>
    </groups>
    <test started-at="2022-03-12T21:36:33 IST" name="Default test" finished-at="2022-03-12T21:36:45 IST" duration-ms="11201">
      <class name="corejavapractice.Radiobutton">
        <test-method signature="radio()[pri:0, instance:corejavapractice.Radiobutton@58695725]" started-at="2022-03-12T21:36:33 IST" name="radio" finished-at="2022-03-12T21:36:45 IST" duration-ms="11176" status="PASS">
          <reporter-output>
          </reporter-output>
        </test-method> <!-- radio -->
      </class> <!-- corejavapractice.Radiobutton -->
    </test> <!-- Default test -->
  </suite> <!-- Default suite -->
</testng-results>
